#
# There is insufficient memory for the Java Runtime Environment to continue.
# Native memory allocation (malloc) failed to allocate 671696 bytes for Chunk::new
# Possible reasons:
#   The system is out of physical RAM or swap space
#   The process is running with CompressedOops enabled, and the Java Heap may be blocking the growth of the native heap
# Possible solutions:
#   Reduce memory load on the system
#   Increase physical memory or swap space
#   Check if swap backing store is full
#   Decrease Java heap size (-Xmx/-Xms)
#   Decrease number of Java threads
#   Decrease Java thread stack sizes (-Xss)
#   Set larger code cache with -XX:ReservedCodeCacheSize=
#   JVM is running with Zero Based Compressed Oops mode in which the Java heap is
#     placed in the first 32GB address space. The Java Heap base address is the
#     maximum limit for the native heap growth. Please use -XX:HeapBaseMinAddress
#     to set the Java Heap base and to place the Java Heap above 32GB virtual address.
# This output file may be truncated or incomplete.
#
#  Out of Memory Error (allocation.cpp:389), pid=7368, tid=0x00000000000020e4
#
# JRE version: OpenJDK Runtime Environment (8.0_202-b03) (build 1.8.0_202-release-1483-b03)
# Java VM: OpenJDK 64-Bit Server VM (25.202-b03 mixed mode windows-amd64 compressed oops)
# Failed to write core dump. Minidumps are not enabled by default on client versions of Windows
#

---------------  T H R E A D  ---------------

Current thread (0x000000001c448800):  JavaThread "C2 CompilerThread0" daemon [_thread_in_native, id=8420, stack(0x000000001dab0000,0x000000001dbb0000)]

Stack: [0x000000001dab0000,0x000000001dbb0000]
[error occurred during error reporting (printing stack bounds), id 0xc0000005]

Native frames: (J=compiled Java code, j=interpreted, Vv=VM code, C=native code)


Current CompileTask:
C2:2303195 14391   !   4       java.util.concurrent.ThreadPoolExecutor::getTask (179 bytes)


---------------  P R O C E S S  ---------------

Java Threads: ( => current thread )
  0x0000000021fea000 JavaThread "Build operations Thread 4" [_thread_blocked, id=14804, stack(0x0000000026930000,0x0000000026a30000)]
  0x0000000021fe2800 JavaThread "Build operations Thread 3" [_thread_blocked, id=10292, stack(0x0000000026830000,0x0000000026930000)]
  0x0000000021fe7000 JavaThread "Build operations Thread 2" [_thread_blocked, id=12920, stack(0x0000000026530000,0x0000000026630000)]
  0x0000000021fe9800 JavaThread "Build operations" [_thread_blocked, id=1164, stack(0x0000000024d10000,0x0000000024e10000)]
  0x0000000021fe8800 JavaThread "Cache worker for cache directory md-rule (C:\Users\Asus\.gradle\caches\5.4.1\md-rule)" [_thread_blocked, id=76, stack(0x0000000024810000,0x0000000024910000)]
  0x0000000021fe3800 JavaThread "Cache worker for cache directory md-supplier (C:\Users\Asus\.gradle\caches\5.4.1\md-supplier)" [_thread_blocked, id=6508, stack(0x0000000024470000,0x0000000024570000)]
  0x0000000021fe5800 JavaThread "Cache worker for file hash cache (C:\Users\Asus\AndroidStudioProjects\SuiDhaga\.gradle\5.4.1\fileHashes)" [_thread_blocked, id=5416, stack(0x0000000020d00000,0x0000000020e00000)]
  0x0000000021fe1000 JavaThread "Thread-194" [_thread_blocked, id=14420, stack(0x0000000020a00000,0x0000000020b00000)]
  0x0000000021fe4000 JavaThread "Stdin handler" [_thread_blocked, id=8584, stack(0x0000000020900000,0x0000000020a00000)]
  0x000000001f361800 JavaThread "Asynchronous log dispatcher for DefaultDaemonConnection: socket connection from /127.0.0.1:55560 to /127.0.0.1:61867" [_thread_blocked, id=7872, stack(0x0000000020600000,0x0000000020700000)]
  0x000000001f35a000 JavaThread "Daemon worker Thread 4" [_thread_in_native, id=14244, stack(0x0000000020500000,0x0000000020600000)]
  0x000000001f360800 JavaThread "Cancel handler" [_thread_blocked, id=13960, stack(0x0000000001510000,0x0000000001610000)]
  0x000000001f359000 JavaThread "Handler for socket connection from /127.0.0.1:55560 to /127.0.0.1:61867" [_thread_in_native, id=2788, stack(0x00000000013f0000,0x00000000014f0000)]
  0x000000001f360000 JavaThread "Daemon Thread 4" [_thread_blocked, id=72, stack(0x00000000011e0000,0x00000000012e0000)]
  0x000000001f354800 JavaThread "Memory manager" [_thread_blocked, id=3212, stack(0x0000000028de0000,0x0000000028ee0000)]
  0x000000001f357000 JavaThread "Cache worker for execution history cache (C:\Users\Asus\.gradle\caches\5.4.1\executionHistory)" [_thread_blocked, id=13848, stack(0x0000000026030000,0x0000000026130000)]
  0x000000001ef7e800 JavaThread "Cache worker for journal cache (C:\Users\Asus\.gradle\caches\journal-1)" [_thread_blocked, id=1264, stack(0x0000000021000000,0x0000000021100000)]
  0x000000001ef80000 JavaThread "File lock request listener" [_thread_in_native, id=2800, stack(0x0000000020f00000,0x0000000021000000)]
  0x000000001ef84800 JavaThread "Cache worker for file hash cache (C:\Users\Asus\.gradle\caches\5.4.1\fileHashes)" [_thread_blocked, id=13732, stack(0x0000000020e00000,0x0000000020f00000)]
  0x000000001e158800 JavaThread "Daemon periodic checks" [_thread_blocked, id=1568, stack(0x0000000020400000,0x0000000020500000)]
  0x000000001e5a9800 JavaThread "Incoming local TCP Connector on port 55560" [_thread_in_native, id=11336, stack(0x00000000201c0000,0x00000000202c0000)]
  0x000000001f55b000 JavaThread "Daemon health stats" [_thread_blocked, id=7556, stack(0x000000001fb80000,0x000000001fc80000)]
  0x000000001c4ae800 JavaThread "Service Thread" daemon [_thread_blocked, id=11676, stack(0x000000001e1b0000,0x000000001e2b0000)]
  0x000000001c45c000 JavaThread "C1 CompilerThread2" daemon [_thread_blocked, id=4292, stack(0x000000001dcb0000,0x000000001ddb0000)]
  0x000000001c44e800 JavaThread "C2 CompilerThread1" daemon [_thread_blocked, id=4608, stack(0x000000001dbb0000,0x000000001dcb0000)]
=>0x000000001c448800 JavaThread "C2 CompilerThread0" daemon [_thread_in_native, id=8420, stack(0x000000001dab0000,0x000000001dbb0000)]
  0x000000001c456800 JavaThread "Attach Listener" daemon [_thread_blocked, id=14880, stack(0x000000001d9b0000,0x000000001dab0000)]
  0x000000001c455000 JavaThread "Signal Dispatcher" daemon [_thread_blocked, id=2036, stack(0x000000001d8b0000,0x000000001d9b0000)]
  0x00000000030fb000 JavaThread "Finalizer" daemon [_thread_blocked, id=3876, stack(0x000000001d6b0000,0x000000001d7b0000)]
  0x000000001c439000 JavaThread "Reference Handler" daemon [_thread_blocked, id=1648, stack(0x000000001d5b0000,0x000000001d6b0000)]
  0x0000000002ffe000 JavaThread "main" [_thread_blocked, id=7812, stack(0x0000000002e80000,0x0000000002f80000)]

Other Threads:
  0x000000001c416800 VMThread [stack: 0x000000001d4b0000,0x000000001d5b0000] [id=12504]
  0x000000001ddd9800 WatcherThread [stack: 0x000000001e2b0000,0x000000001e3b0000] [id=2812]

VM state:not at safepoint (normal execution)

VM Mutex/Monitor currently owned by a thread: None

heap address: 0x00000006c6000000, size: 4000 MB, Compressed Oops mode: Zero based, Oop shift amount: 3
Narrow klass base: 0x0000000000000000, Narrow klass shift: 3
Compressed class space size: 1073741824 Address: 0x00000007c0000000

Heap:
 PSYoungGen      total 301568K, used 240985K [0x000000076cb00000, 0x0000000782a80000, 0x00000007c0000000)
  eden space 274944K, 77% used [0x000000076cb00000,0x0000000779c59bd8,0x000000077d780000)
  from space 26624K, 99% used [0x000000077fa00000,0x00000007813fcad0,0x0000000781400000)
  to   space 35328K, 0% used [0x000000077d780000,0x000000077d780000,0x000000077fa00000)
 ParOldGen       total 148480K, used 81178K [0x00000006c6000000, 0x00000006cf100000, 0x000000076cb00000)
  object space 148480K, 54% used [0x00000006c6000000,0x00000006caf468c0,0x00000006cf100000)
 Metaspace       used 80702K, capacity 84468K, committed 84608K, reserved 1122304K
  class space    used 10354K, capacity 11086K, committed 11136K, reserved 1048576K

Card table byte_map: [0x00000000124c0000,0x0000000012ca0000] byte_map_base: 0x000000000ee90000

Marking Bits: (ParMarkBitMap*) 0x000000006f3d9f30
 Begin Bits: [0x00000000135e0000, 0x0000000017460000)
 End Bits:   [0x0000000017460000, 0x000000001b2e0000)

Polling page: 0x0000000002e30000

CodeCache: size=245760Kb used=39966Kb max_used=39966Kb free=205793Kb
 bounds [0x0000000003100000, 0x0000000005840000, 0x0000000012100000]
 total_blobs=12635 nmethods=11774 adapters=773
 compilation: enabled

Compilation events (10 events):
Event: 2303.175 Thread 0x000000001c45c000 14397       3       org.gradle.internal.extensibility.DefaultConvention$ExtensionsDynamicObject::tryGetProperty (109 bytes)
Event: 2303.178 Thread 0x000000001c44e800 14398       4       java.util.concurrent.ConcurrentHashMap$BaseIterator::hasNext (13 bytes)
Event: 2303.179 Thread 0x000000001c44e800 nmethod 14398 0x000000000580bcd0 code [0x000000000580be00, 0x000000000580be78]
Event: 2303.182 Thread 0x000000001c45c000 nmethod 14397 0x0000000005833b50 code [0x0000000005833dc0, 0x0000000005834c58]
Event: 2303.182 Thread 0x000000001c45c000 14399       3       com.google.common.collect.Synchronized::access$200 (6 bytes)
Event: 2303.184 Thread 0x000000001c45c000 nmethod 14399 0x0000000005832e50 code [0x0000000005833020, 0x00000000058336f8]
Event: 2303.184 Thread 0x000000001c45c000 14400       3       com.google.common.collect.Synchronized::list (29 bytes)
Event: 2303.184 Thread 0x000000001c45c000 nmethod 14400 0x0000000005832250 code [0x0000000005832420, 0x0000000005832ab8]
Event: 2303.184 Thread 0x000000001c45c000 14401       1       org.gradle.internal.classpath.DefaultClassPath::getAsFiles (5 bytes)
Event: 2303.185 Thread 0x000000001c45c000 nmethod 14401 0x000000000582fe50 code [0x000000000582ffa0, 0x00000000058300b0]

GC Heap History (10 events):
Event: 24.664 GC heap before
{Heap before GC invocations=19 (full 3):
 PSYoungGen      total 196096K, used 196072K [0x000000076cb00000, 0x000000077c700000, 0x00000007c0000000)
  eden space 175616K, 100% used [0x000000076cb00000,0x0000000777680000,0x0000000777680000)
  from space 20480K, 99% used [0x0000000777680000,0x0000000778a7a020,0x0000000778a80000)
  to   space 24576K, 0% used [0x000000077af00000,0x000000077af00000,0x000000077c700000)
 ParOldGen       total 148480K, used 42765K [0x00000006c6000000, 0x00000006cf100000, 0x000000076cb00000)
  object space 148480K, 28% used [0x00000006c6000000,0x00000006c89c35e8,0x00000006cf100000)
 Metaspace       used 66599K, capacity 69502K, committed 69760K, reserved 1110016K
  class space    used 8973K, capacity 9587K, committed 9600K, reserved 1048576K
Event: 24.722 GC heap after
Heap after GC invocations=19 (full 3):
 PSYoungGen      total 233984K, used 8587K [0x000000076cb00000, 0x000000077dc80000, 0x00000007c0000000)
  eden space 209408K, 0% used [0x000000076cb00000,0x000000076cb00000,0x0000000779780000)
  from space 24576K, 34% used [0x000000077af00000,0x000000077b762f40,0x000000077c700000)
  to   space 24064K, 0% used [0x0000000779780000,0x0000000779780000,0x000000077af00000)
 ParOldGen       total 148480K, used 59262K [0x00000006c6000000, 0x00000006cf100000, 0x000000076cb00000)
  object space 148480K, 39% used [0x00000006c6000000,0x00000006c99df8a0,0x00000006cf100000)
 Metaspace       used 66599K, capacity 69502K, committed 69760K, reserved 1110016K
  class space    used 8973K, capacity 9587K, committed 9600K, reserved 1048576K
}
Event: 25.791 GC heap before
{Heap before GC invocations=20 (full 3):
 PSYoungGen      total 233984K, used 217995K [0x000000076cb00000, 0x000000077dc80000, 0x00000007c0000000)
  eden space 209408K, 100% used [0x000000076cb00000,0x0000000779780000,0x0000000779780000)
  from space 24576K, 34% used [0x000000077af00000,0x000000077b762f40,0x000000077c700000)
  to   space 24064K, 0% used [0x0000000779780000,0x0000000779780000,0x000000077af00000)
 ParOldGen       total 148480K, used 59936K [0x00000006c6000000, 0x00000006cf100000, 0x000000076cb00000)
  object space 148480K, 40% used [0x00000006c6000000,0x00000006c9a881a8,0x00000006cf100000)
 Metaspace       used 66635K, capacity 69514K, committed 69760K, reserved 1110016K
  class space    used 8974K, capacity 9589K, committed 9600K, reserved 1048576K
Event: 25.817 GC heap after
Heap after GC invocations=20 (full 3):
 PSYoungGen      total 233472K, used 4775K [0x000000076cb00000, 0x000000077f000000, 0x00000007c0000000)
  eden space 209408K, 0% used [0x000000076cb00000,0x000000076cb00000,0x0000000779780000)
  from space 24064K, 19% used [0x0000000779780000,0x0000000779c29e98,0x000000077af00000)
  to   space 24064K, 0% used [0x000000077d880000,0x000000077d880000,0x000000077f000000)
 ParOldGen       total 148480K, used 64446K [0x00000006c6000000, 0x00000006cf100000, 0x000000076cb00000)
  object space 148480K, 43% used [0x00000006c6000000,0x00000006c9eef9b0,0x00000006cf100000)
 Metaspace       used 66635K, capacity 69514K, committed 69760K, reserved 1110016K
  class space    used 8974K, capacity 9589K, committed 9600K, reserved 1048576K
}
Event: 31.131 GC heap before
{Heap before GC invocations=21 (full 3):
 PSYoungGen      total 233472K, used 214183K [0x000000076cb00000, 0x000000077f000000, 0x00000007c0000000)
  eden space 209408K, 100% used [0x000000076cb00000,0x0000000779780000,0x0000000779780000)
  from space 24064K, 19% used [0x0000000779780000,0x0000000779c29e98,0x000000077af00000)
  to   space 24064K, 0% used [0x000000077d880000,0x000000077d880000,0x000000077f000000)
 ParOldGen       total 148480K, used 64503K [0x00000006c6000000, 0x00000006cf100000, 0x000000076cb00000)
  object space 148480K, 43% used [0x00000006c6000000,0x00000006c9efdf88,0x00000006cf100000)
 Metaspace       used 70885K, capacity 73824K, committed 73984K, reserved 1114112K
  class space    used 9376K, capacity 9954K, committed 9984K, reserved 1048576K
Event: 31.151 GC heap after
Heap after GC invocations=21 (full 3):
 PSYoungGen      total 263680K, used 8671K [0x000000076cb00000, 0x000000077e900000, 0x00000007c0000000)
  eden space 246784K, 0% used [0x000000076cb00000,0x000000076cb00000,0x000000077bc00000)
  from space 16896K, 51% used [0x000000077d880000,0x000000077e0f7e38,0x000000077e900000)
  to   space 23040K, 0% used [0x000000077bc00000,0x000000077bc00000,0x000000077d280000)
 ParOldGen       total 148480K, used 68341K [0x00000006c6000000, 0x00000006cf100000, 0x000000076cb00000)
  object space 148480K, 46% used [0x00000006c6000000,0x00000006ca2bd438,0x00000006cf100000)
 Metaspace       used 70885K, capacity 73824K, committed 73984K, reserved 1114112K
  class space    used 9376K, capacity 9954K, committed 9984K, reserved 1048576K
}
Event: 1884.326 GC heap before
{Heap before GC invocations=22 (full 3):
 PSYoungGen      total 263680K, used 255455K [0x000000076cb00000, 0x000000077e900000, 0x00000007c0000000)
  eden space 246784K, 100% used [0x000000076cb00000,0x000000077bc00000,0x000000077bc00000)
  from space 16896K, 51% used [0x000000077d880000,0x000000077e0f7e38,0x000000077e900000)
  to   space 23040K, 0% used [0x000000077bc00000,0x000000077bc00000,0x000000077d280000)
 ParOldGen       total 148480K, used 68341K [0x00000006c6000000, 0x00000006cf100000, 0x000000076cb00000)
  object space 148480K, 46% used [0x00000006c6000000,0x00000006ca2bd438,0x00000006cf100000)
 Metaspace       used 79395K, capacity 82748K, committed 82944K, reserved 1122304K
  class space    used 10252K, capacity 10924K, committed 11008K, reserved 1048576K
Event: 1884.378 GC heap after
Heap after GC invocations=22 (full 3):
 PSYoungGen      total 269824K, used 22771K [0x000000076cb00000, 0x0000000781400000, 0x00000007c0000000)
  eden space 246784K, 0% used [0x000000076cb00000,0x000000076cb00000,0x000000077bc00000)
  from space 23040K, 98% used [0x000000077bc00000,0x000000077d23cc08,0x000000077d280000)
  to   space 26624K, 0% used [0x000000077fa00000,0x000000077fa00000,0x0000000781400000)
 ParOldGen       total 148480K, used 68349K [0x00000006c6000000, 0x00000006cf100000, 0x000000076cb00000)
  object space 148480K, 46% used [0x00000006c6000000,0x00000006ca2bf438,0x00000006cf100000)
 Metaspace       used 79395K, capacity 82748K, committed 82944K, reserved 1122304K
  class space    used 10252K, capacity 10924K, committed 11008K, reserved 1048576K
}
Event: 1886.589 GC heap before
{Heap before GC invocations=23 (full 3):
 PSYoungGen      total 269824K, used 269555K [0x000000076cb00000, 0x0000000781400000, 0x00000007c0000000)
  eden space 246784K, 100% used [0x000000076cb00000,0x000000077bc00000,0x000000077bc00000)
  from space 23040K, 98% used [0x000000077bc00000,0x000000077d23cc08,0x000000077d280000)
  to   space 26624K, 0% used [0x000000077fa00000,0x000000077fa00000,0x0000000781400000)
 ParOldGen       total 148480K, used 68349K [0x00000006c6000000, 0x00000006cf100000, 0x000000076cb00000)
  object space 148480K, 46% used [0x00000006c6000000,0x00000006ca2bf438,0x00000006cf100000)
 Metaspace       used 79637K, capacity 83100K, committed 83200K, reserved 1122304K
  class space    used 10273K, capacity 10956K, committed 11008K, reserved 1048576K
Event: 1886.687 GC heap after
Heap after GC invocations=23 (full 3):
 PSYoungGen      total 301568K, used 26610K [0x000000076cb00000, 0x0000000782a80000, 0x00000007c0000000)
  eden space 274944K, 0% used [0x000000076cb00000,0x000000076cb00000,0x000000077d780000)
  from space 26624K, 99% used [0x000000077fa00000,0x00000007813fcad0,0x0000000781400000)
  to   space 35328K, 0% used [0x000000077d780000,0x000000077d780000,0x000000077fa00000)
 ParOldGen       total 148480K, used 81178K [0x00000006c6000000, 0x00000006cf100000, 0x000000076cb00000)
  object space 148480K, 54% used [0x00000006c6000000,0x00000006caf468c0,0x00000006cf100000)
 Metaspace       used 79637K, capacity 83100K, committed 83200K, reserved 1122304K
  class space    used 10273K, capacity 10956K, committed 11008K, reserved 1048576K
}

Deoptimization events (10 events):
Event: 1961.718 Thread 0x000000001ef81000 Uncommon trap: reason=bimorphic action=maybe_recompile pc=0x00000000052ef320 method=java.io.DataInputStream.readChar()C @ 4
Event: 1966.478 Thread 0x000000001ef85800 Uncommon trap: reason=unstable_if action=reinterpret pc=0x000000000391b8fc method=java.util.regex.Pattern$Begin.match(Ljava/util/regex/Matcher;ILjava/lang/CharSequence;)Z @ 33
Event: 1966.482 Thread 0x000000001ef85800 Uncommon trap: reason=unstable_if action=reinterpret pc=0x0000000004429794 method=java.util.regex.Pattern.newSlice([IIZ)Ljava/util/regex/Pattern$Node; @ 10
Event: 1966.482 Thread 0x000000001ef85800 Uncommon trap: reason=unstable_if action=reinterpret pc=0x000000000398aa98 method=java.util.regex.Pattern.newSlice([IIZ)Ljava/util/regex/Pattern$Node; @ 10
Event: 1966.494 Thread 0x000000001ef85800 Uncommon trap: reason=class_check action=maybe_recompile pc=0x000000000534082c method=java.util.regex.Pattern$SliceI.match(Ljava/util/regex/Matcher;ILjava/lang/CharSequence;)Z @ 92
Event: 1966.495 Thread 0x000000001ef85800 Uncommon trap: reason=class_check action=maybe_recompile pc=0x000000000534082c method=java.util.regex.Pattern$SliceI.match(Ljava/util/regex/Matcher;ILjava/lang/CharSequence;)Z @ 92
Event: 1966.495 Thread 0x000000001ef85800 Uncommon trap: reason=class_check action=maybe_recompile pc=0x000000000534082c method=java.util.regex.Pattern$SliceI.match(Ljava/util/regex/Matcher;ILjava/lang/CharSequence;)Z @ 92
Event: 1966.495 Thread 0x000000001ef85800 Uncommon trap: reason=class_check action=maybe_recompile pc=0x000000000534082c method=java.util.regex.Pattern$SliceI.match(Ljava/util/regex/Matcher;ILjava/lang/CharSequence;)Z @ 92
Event: 1966.578 Thread 0x000000001ef85800 Uncommon trap: reason=class_check action=maybe_recompile pc=0x0000000004f08eac method=java.util.regex.Matcher.getSubSequence(II)Ljava/lang/CharSequence; @ 6
Event: 2003.129 Thread 0x0000000021fea000 Uncommon trap: reason=unstable_if action=reinterpret pc=0x00000000039de474 method=java.util.concurrent.ConcurrentLinkedQueue.poll()Ljava/lang/Object; @ 25

Classes redefined (0 events):
No events

Internal exceptions (10 events):
Event: 2033.586 Thread 0x000000001ef85800 Exception <a 'sun/nio/fs/WindowsException'> (0x0000000772b9c3f8) thrown at [D:\src\AOSP-openjdk-cygwin\jdk8u\hotspot\src\share\vm\prims\jni.cpp, line 710]
Event: 2050.370 Thread 0x000000001ef85800 Exception <a 'sun/nio/fs/WindowsException'> (0x000000077343d128) thrown at [D:\src\AOSP-openjdk-cygwin\jdk8u\hotspot\src\share\vm\prims\jni.cpp, line 710]
Event: 2065.411 Thread 0x000000001ef85800 Exception <a 'sun/nio/fs/WindowsException'> (0x000000077426c850) thrown at [D:\src\AOSP-openjdk-cygwin\jdk8u\hotspot\src\share\vm\prims\jni.cpp, line 710]
Event: 2077.497 Thread 0x000000001ef85800 Exception <a 'sun/nio/fs/WindowsException'> (0x0000000774b011e8) thrown at [D:\src\AOSP-openjdk-cygwin\jdk8u\hotspot\src\share\vm\prims\jni.cpp, line 710]
Event: 2109.713 Thread 0x000000001ef85800 Exception <a 'sun/nio/fs/WindowsException'> (0x00000007759a6cf0) thrown at [D:\src\AOSP-openjdk-cygwin\jdk8u\hotspot\src\share\vm\prims\jni.cpp, line 710]
Event: 2119.952 Thread 0x000000001ef85800 Exception <a 'sun/nio/fs/WindowsException'> (0x0000000775ff41c0) thrown at [D:\src\AOSP-openjdk-cygwin\jdk8u\hotspot\src\share\vm\prims\jni.cpp, line 710]
Event: 2136.083 Thread 0x000000001ef85800 Exception <a 'sun/nio/fs/WindowsException'> (0x0000000776f7e468) thrown at [D:\src\AOSP-openjdk-cygwin\jdk8u\hotspot\src\share\vm\prims\jni.cpp, line 710]
Event: 2156.396 Thread 0x000000001ef85800 Exception <a 'sun/nio/fs/WindowsException'> (0x000000077756dc70) thrown at [D:\src\AOSP-openjdk-cygwin\jdk8u\hotspot\src\share\vm\prims\jni.cpp, line 710]
Event: 2173.144 Thread 0x000000001ef85800 Exception <a 'sun/nio/fs/WindowsException'> (0x00000007784bfc08) thrown at [D:\src\AOSP-openjdk-cygwin\jdk8u\hotspot\src\share\vm\prims\jni.cpp, line 710]
Event: 2182.848 Thread 0x000000001ef85800 Exception <a 'sun/nio/fs/WindowsException'> (0x0000000778d4efd0) thrown at [D:\src\AOSP-openjdk-cygwin\jdk8u\hotspot\src\share\vm\prims\jni.cpp, line 710]

Events (10 events):
Event: 2302.837 Thread 0x0000000021fe3800 Thread added: 0x0000000021fe3800
Event: 2302.841 Thread 0x0000000021fe8800 Thread added: 0x0000000021fe8800
Event: 2303.038 loading class org/gradle/internal/Describables$1
Event: 2303.038 loading class org/gradle/internal/Describables$1 done
Event: 2303.057 Thread 0x0000000021fe9800 Thread added: 0x0000000021fe9800
Event: 2303.058 Thread 0x0000000021fe7000 Thread added: 0x0000000021fe7000
Event: 2303.058 Thread 0x0000000021fe2800 Thread added: 0x0000000021fe2800
Event: 2303.058 Thread 0x0000000021fea000 Thread added: 0x0000000021fea000
Event: 2303.059 Executing VM operation: RevokeBias
Event: 2303.061 Executing VM operation: RevokeBias done


Dynamic libraries:
0x00007ff6c38a0000 - 0x00007ff6c38d1000 	C:\Program Files\Android\Android Studio\jre\bin\java.exe
0x00007ffdabc00000 - 0x00007ffdabdf0000 	C:\WINDOWS\SYSTEM32\ntdll.dll
0x00007ffdaaf30000 - 0x00007ffdaafe2000 	C:\WINDOWS\System32\KERNEL32.DLL
0x00007ffda8f00000 - 0x00007ffda91a3000 	C:\WINDOWS\System32\KERNELBASE.dll
0x00007ffdaa780000 - 0x00007ffdaa823000 	C:\WINDOWS\System32\ADVAPI32.dll
0x00007ffdaa990000 - 0x00007ffdaaa2e000 	C:\WINDOWS\System32\msvcrt.dll
0x00007ffdaa1c0000 - 0x00007ffdaa257000 	C:\WINDOWS\System32\sechost.dll
0x00007ffdaaab0000 - 0x00007ffdaabd0000 	C:\WINDOWS\System32\RPCRT4.dll
0x00007ffdaad90000 - 0x00007ffdaaf24000 	C:\WINDOWS\System32\USER32.dll
0x00007ffda9450000 - 0x00007ffda9471000 	C:\WINDOWS\System32\win32u.dll
0x00007ffdaa190000 - 0x00007ffdaa1b6000 	C:\WINDOWS\System32\GDI32.dll
0x00007ffda92b0000 - 0x00007ffda9444000 	C:\WINDOWS\System32\gdi32full.dll
0x00007ffda8c40000 - 0x00007ffda8cde000 	C:\WINDOWS\System32\msvcp_win.dll
0x00007ffda91b0000 - 0x00007ffda92aa000 	C:\WINDOWS\System32\ucrtbase.dll
0x00007ffd8ba10000 - 0x00007ffd8bc95000 	C:\WINDOWS\WinSxS\amd64_microsoft.windows.common-controls_6595b64144ccf1df_6.0.18362.418_none_e6c6b287130d565d\COMCTL32.dll
0x00007ffda9d10000 - 0x00007ffdaa046000 	C:\WINDOWS\System32\combase.dll
0x00007ffda9480000 - 0x00007ffda9500000 	C:\WINDOWS\System32\bcryptPrimitives.dll
0x00007ffdab070000 - 0x00007ffdab09e000 	C:\WINDOWS\System32\IMM32.DLL
0x000000006e9b0000 - 0x000000006ea82000 	C:\Program Files\Android\Android Studio\jre\jre\bin\msvcr100.dll
0x000000006ec10000 - 0x000000006f456000 	C:\Program Files\Android\Android Studio\jre\jre\bin\server\jvm.dll
0x00007ffdaabd0000 - 0x00007ffdaabd8000 	C:\WINDOWS\System32\PSAPI.DLL
0x00007ffda65e0000 - 0x00007ffda6604000 	C:\WINDOWS\SYSTEM32\WINMM.dll
0x00007ffd88540000 - 0x00007ffd88549000 	C:\WINDOWS\SYSTEM32\WSOCK32.dll
0x00007ffd9cc10000 - 0x00007ffd9cc1a000 	C:\WINDOWS\SYSTEM32\VERSION.dll
0x00007ffdaaa30000 - 0x00007ffdaaa9f000 	C:\WINDOWS\System32\WS2_32.dll
0x00007ffda65b0000 - 0x00007ffda65dd000 	C:\WINDOWS\SYSTEM32\winmmbase.dll
0x00007ffda8e50000 - 0x00007ffda8e9a000 	C:\WINDOWS\System32\cfgmgr32.dll
0x00007ffda6770000 - 0x00007ffda677f000 	C:\Program Files\Android\Android Studio\jre\jre\bin\verify.dll
0x00007ffda36a0000 - 0x00007ffda36c9000 	C:\Program Files\Android\Android Studio\jre\jre\bin\java.dll
0x00007ffda6750000 - 0x00007ffda6766000 	C:\Program Files\Android\Android Studio\jre\jre\bin\zip.dll
0x00007ffdab450000 - 0x00007ffdabb35000 	C:\WINDOWS\System32\SHELL32.dll
0x00007ffdab2d0000 - 0x00007ffdab379000 	C:\WINDOWS\System32\shcore.dll
0x00007ffda9530000 - 0x00007ffda9caf000 	C:\WINDOWS\System32\windows.storage.dll
0x00007ffda8b00000 - 0x00007ffda8b1f000 	C:\WINDOWS\System32\profapi.dll
0x00007ffda8b20000 - 0x00007ffda8b6a000 	C:\WINDOWS\System32\powrprof.dll
0x00007ffda8ad0000 - 0x00007ffda8ae0000 	C:\WINDOWS\System32\UMPDC.dll
0x00007ffdaaff0000 - 0x00007ffdab042000 	C:\WINDOWS\System32\shlwapi.dll
0x00007ffda8ae0000 - 0x00007ffda8af1000 	C:\WINDOWS\System32\kernel.appcore.dll
0x00007ffda8e30000 - 0x00007ffda8e47000 	C:\WINDOWS\System32\cryptsp.dll
0x00007ffda3130000 - 0x00007ffda314a000 	C:\Program Files\Android\Android Studio\jre\jre\bin\net.dll
0x00007ffda82e0000 - 0x00007ffda8347000 	C:\WINDOWS\system32\mswsock.dll
0x00007ffd97ea0000 - 0x00007ffd97eb1000 	C:\Program Files\Android\Android Studio\jre\jre\bin\nio.dll
0x00007ffd97a70000 - 0x00007ffd97a96000 	C:\Users\Asus\.gradle\native\29\windows-amd64\native-platform.dll
0x00007ffda5170000 - 0x00007ffda517d000 	C:\Program Files\Android\Android Studio\jre\jre\bin\management.dll
0x00007ffda7e50000 - 0x00007ffda7e83000 	C:\WINDOWS\system32\rsaenh.dll
0x00007ffda9500000 - 0x00007ffda9526000 	C:\WINDOWS\System32\bcrypt.dll
0x00007ffda89f0000 - 0x00007ffda8a15000 	C:\WINDOWS\SYSTEM32\USERENV.dll
0x00007ffda8510000 - 0x00007ffda851c000 	C:\WINDOWS\SYSTEM32\CRYPTBASE.dll
0x00007ffda7ff0000 - 0x00007ffda802a000 	C:\WINDOWS\SYSTEM32\IPHLPAPI.DLL
0x00007ffdaa980000 - 0x00007ffdaa988000 	C:\WINDOWS\System32\NSI.dll
0x00007ffd9cd90000 - 0x00007ffd9cda6000 	C:\WINDOWS\SYSTEM32\dhcpcsvc6.DLL
0x00007ffda0a00000 - 0x00007ffda0a1c000 	C:\WINDOWS\SYSTEM32\dhcpcsvc.DLL
0x00007ffda8030000 - 0x00007ffda80fa000 	C:\WINDOWS\SYSTEM32\DNSAPI.dll
0x00007ffd97aa0000 - 0x00007ffd97ac4000 	C:\Program Files\Android\Android Studio\jre\jre\bin\sunec.dll
0x00007ffd98850000 - 0x00007ffd9885a000 	C:\Windows\System32\rasadhlp.dll
0x00007ffd9caf0000 - 0x00007ffd9cb67000 	C:\WINDOWS\System32\fwpuclnt.dll
0x00007ffda4e80000 - 0x00007ffda4e8b000 	C:\Program Files\Android\Android Studio\jre\jre\bin\sunmscapi.dll
0x00007ffda8ce0000 - 0x00007ffda8e29000 	C:\WINDOWS\System32\CRYPT32.dll
0x00007ffda8b70000 - 0x00007ffda8b82000 	C:\WINDOWS\System32\MSASN1.dll

VM Arguments:
jvm_args: -Xmx4000m -Dfile.encoding=windows-1252 -Duser.country=IN -Duser.language=en -Duser.variant 
java_command: org.gradle.launcher.daemon.bootstrap.GradleDaemon 5.4.1
java_class_path (initial): C:\Users\Asus\.gradle\wrapper\dists\gradle-5.4.1-all\3221gyojl5jsh0helicew7rwx\gradle-5.4.1\lib\gradle-launcher-5.4.1.jar
Launcher Type: SUN_STANDARD

Environment Variables:
PATH=C:\Program Files (x86)\Common Files\Oracle\Java\javapath;C:\WINDOWS\system32;C:\WINDOWS;C:\WINDOWS\System32\Wbem;C:\WINDOWS\System32\WindowsPowerShell\v1.0\;C:\WINDOWS\System32\OpenSSH\;C:\Program Files\Intel\WiFi\bin\;C:\Program Files\Common Files\Intel\WirelessCommon\;C:\Program Files\dotnet\;C:\Program Files\Microsoft SQL Server\130\Tools\Binn\;C:\Program Files (x86)\NVIDIA Corporation\PhysX\Common;C:\Users\Asus\AppData\Local\Microsoft\WindowsApps;%DASHLANE_DLL_DIR%;;C:\Program Files\JetBrains\PyCharm 2019.2.1\bin;;C:\Program Files\JetBrains\IntelliJ IDEA Community Edition 2019.2.4\bin;;C:\Users\Asus\AppData\Local\Programs\Microsoft VS Code\bin
USERNAME=Asus
OS=Windows_NT
PROCESSOR_IDENTIFIER=Intel64 Family 6 Model 142 Stepping 9, GenuineIntel



---------------  S Y S T E M  ---------------

OS: Windows 10.0 , 64 bit Build 18362 (10.0.18362.329)

CPU:total 4 (initial active 4) (2 cores per cpu, 2 threads per core) family 6 model 142 stepping 9, cmov, cx8, fxsr, mmx, sse, sse2, sse3, ssse3, sse4.1, sse4.2, popcnt, avx, avx2, aes, clmul, erms, 3dnowpref, lzcnt, ht, tsc, tscinvbit, bmi1, bmi2, adx

Memory: 4k page, physical 8267984k(894688k free), swap 33433808k(0k free)

vm_info: OpenJDK 64-Bit Server VM (25.202-b03) for windows-amd64 JRE (1.8.0_202-release-1483-b03), built by "builder" with MS VC++ 10.0 (VS2010)

time: Mon Dec 16 00:03:43 2019
timezone: India Standard Time
elapsed time: 2303 seconds (0d 0h 38m 23s)

